<?xml version="1.0" encoding="utf-8"?>
<UpgradeLog>
    <Settings>
        <Setting
            Name = "LogFile"
            Value = "Project1.log"
        />
        <Setting
            Name = "GenerateInterfacesForClasses"
            Value = "FALSE"
        />
        <Setting
            Name = "ProjectName"
            Value = "Project1"
        />
        <Setting
            Name = "OutputName"
            Value = "Project1.vbproj"
        />
        <Setting
            Name = "OutputDir"
            Value = "C:\installer\ImageViewerCPPro\ExamplesNew\VBdotNet\Project1.NET"
        />
        <Setting
            Name = "ProjectPath"
            Value = "C:\installer\ImageViewerCPPro\ExamplesNew\VB\print\Project1.vbp"
        />
        <Setting
            Name = "MigrateProjectTo"
            Value = "0"
        />
    </Settings>
    <File
        OldPath = "C:\installer\ImageViewerCPPro\ExamplesNew\VB\print\Form1.frm"
        NewPath = "C:\installer\ImageViewerCPPro\ExamplesNew\VBdotNet\Project1.NET\Form1.vb"
        FileType = "Form"
        Upgraded = "True"
    >
        <Section Name = "cmdprint_Click" >
            <Issue
                Type = "Runtime"
                Number = "1037"
            >Couldn't resolve default property of object txtspacey.</Issue>
            <Issue
                Type = "Runtime"
                Number = "1037"
            >Couldn't resolve default property of object Result.</Issue>
        </Section>
        <Section Name = "Option2_Click" >
            <Issue
                Type = "Runtime"
                Number = "2075"
            >Event Option2.CheckedChanged may fire when form is initialized.</Issue>
        </Section>
        <Section Name = "optprintall_Click" >
            <Issue
                Type = "Runtime"
                Number = "2075"
            >Event optprintall.CheckedChanged may fire when form is initialized.</Issue>
        </Section>
    </File>
</UpgradeLog>

