<?xml version="1.0" encoding="utf-8"?>
<UpgradeLog>
    <Settings>
        <Setting
            Name = "LogFile"
            Value = "Project1.log"
        />
        <Setting
            Name = "GenerateInterfacesForClasses"
            Value = "FALSE"
        />
        <Setting
            Name = "ProjectName"
            Value = "Project1"
        />
        <Setting
            Name = "OutputName"
            Value = "Project1.vbproj"
        />
        <Setting
            Name = "OutputDir"
            Value = "C:\installer\ImageViewerCPPro\ExamplesNew\VBdotNet\Project1.NET"
        />
        <Setting
            Name = "ProjectPath"
            Value = "C:\installer\ImageViewerCPPro\ExamplesNew\VB\TIF\Project1.vbp"
        />
        <Setting
            Name = "MigrateProjectTo"
            Value = "0"
        />
    </Settings>
    <File
        OldPath = "C:\installer\ImageViewerCPPro\ExamplesNew\VB\TIF\Form1.frm"
        NewPath = "C:\installer\ImageViewerCPPro\ExamplesNew\VBdotNet\Project1.NET\Form1.vb"
        FileType = "Form"
        Upgraded = "True"
    >
        <Section Name = "Command3_Click" >
            <Issue
                Type = "Runtime"
                Number = "1037"
            >Couldn't resolve default property of object result.</Issue>
        </Section>
        <Section Name = "Command6_Click" >
            <Issue
                Type = "Runtime"
                Number = "1037"
            >Couldn't resolve default property of object strtype.</Issue>
            <Issue
                Type = "Runtime"
                Number = "1037"
            >Couldn't resolve default property of object result.</Issue>
        </Section>
        <Section Name = "Command9_Click" >
            <Issue
                Type = "Runtime"
                Number = "1037"
            >Couldn't resolve default property of object result.</Issue>
        </Section>
        <Section Name = "OptCITT3_Click" >
            <Issue
                Type = "Runtime"
                Number = "2075"
            >Event OptCITT3.CheckedChanged may fire when form is initialized.</Issue>
        </Section>
        <Section Name = "OptCITT4_Click" >
            <Issue
                Type = "Runtime"
                Number = "2075"
            >Event OptCITT4.CheckedChanged may fire when form is initialized.</Issue>
        </Section>
        <Section Name = "OptLZW_Click" >
            <Issue
                Type = "Runtime"
                Number = "2075"
            >Event OptLZW.CheckedChanged may fire when form is initialized.</Issue>
        </Section>
        <Section Name = "OptNone_Click" >
            <Issue
                Type = "Runtime"
                Number = "2075"
            >Event OptNone.CheckedChanged may fire when form is initialized.</Issue>
        </Section>
        <Section Name = "OptRLE_Click" >
            <Issue
                Type = "Runtime"
                Number = "2075"
            >Event OptRLE.CheckedChanged may fire when form is initialized.</Issue>
        </Section>
    </File>
</UpgradeLog>

