<?xml version="1.0" encoding="utf-8"?>
<UpgradeLog>
    <Settings>
        <Setting
            Name = "LogFile"
            Value = "Project1.log"
        />
        <Setting
            Name = "GenerateInterfacesForClasses"
            Value = "FALSE"
        />
        <Setting
            Name = "ProjectName"
            Value = "Project1"
        />
        <Setting
            Name = "OutputName"
            Value = "Project1.vbproj"
        />
        <Setting
            Name = "OutputDir"
            Value = "C:\installer\scanner\vb\Project1.NET"
        />
        <Setting
            Name = "ProjectPath"
            Value = "C:\installer\scanner\vb\Project1.vbp"
        />
        <Setting
            Name = "MigrateProjectTo"
            Value = "0"
        />
    </Settings>
    <File
        OldPath = "C:\installer\scanner\vb\Form1.frm"
        NewPath = "C:\installer\scanner\vb\Project1.NET\Form1.vb"
        FileType = "Form"
        Upgraded = "True"
    >
        <Section Name = "(Declarations)" >
            <Issue
                Type = "ToDo"
                Number = "1026"
            >&amp;quot;Initialize&amp;quot; must be called to initialize instances of this structure.</Issue>
        </Section>
        <Section Name = "OleCreatePictureIndirect" >
            <Issue
                Type = "Runtime"
                Number = "1050"
            >Structure PictDesc may require marshalling attributes to be passed as an argument in this Declare statement.</Issue>
            <Issue
                Type = "Runtime"
                Number = "1050"
            >Structure Guid may require marshalling attributes to be passed as an argument in this Declare statement.</Issue>
            <Issue
                Type = "Runtime"
                Number = "1050"
            >Structure IPicture may require marshalling attributes to be passed as an argument in this Declare statement.</Issue>
        </Section>
        <Section Name = "cbofont_Click" >
            <Issue
                Type = "Runtime"
                Number = "2075"
            >Event cbofont.SelectedIndexChanged may fire when form is initialized.</Issue>
        </Section>
        <Section Name = "cbofontsize_Click" >
            <Issue
                Type = "Runtime"
                Number = "2075"
            >Event cbofontsize.SelectedIndexChanged may fire when form is initialized.</Issue>
        </Section>
        <Section Name = "cbofontstyle_Click" >
            <Issue
                Type = "Runtime"
                Number = "2075"
            >Event cbofontstyle.SelectedIndexChanged may fire when form is initialized.</Issue>
        </Section>
        <Section Name = "cbohashbrushstyle_Click" >
            <Issue
                Type = "Runtime"
                Number = "1037"
            >Couldn't resolve default property of object clrHashForeColor.</Issue>
            <Issue
                Type = "Runtime"
                Number = "1037"
            >Couldn't resolve default property of object clrHashBackColor.</Issue>
            <Issue
                Type = "Runtime"
                Number = "2075"
            >Event cbohashbrushstyle.SelectedIndexChanged may fire when form is initialized.</Issue>
        </Section>
        <Section Name = "cbotextstyle_Click" >
            <Issue
                Type = "Runtime"
                Number = "2075"
            >Event cbotextstyle.SelectedIndexChanged may fire when form is initialized.</Issue>
        </Section>
        <Section Name = "Check1_Click" >
            <Issue
                Type = "Runtime"
                Number = "2075"
            >Event Check1.CheckStateChanged may fire when form is initialized.</Issue>
        </Section>
        <Section Name = "Check2_Click" >
            <Issue
                Type = "Runtime"
                Number = "2075"
            >Event Check2.CheckStateChanged may fire when form is initialized.</Issue>
        </Section>
        <Section Name = "Check4_Click" >
            <Issue
                Type = "Runtime"
                Number = "2075"
            >Event Check4.CheckStateChanged may fire when form is initialized.</Issue>
        </Section>
        <Section Name = "chkdefaultcap_Click" >
            <Issue
                Type = "Runtime"
                Number = "2075"
            >Event chkdefaultcap.CheckStateChanged may fire when form is initialized.</Issue>
        </Section>
        <Section Name = "chkshowtext_Click" >
            <Issue
                Type = "Runtime"
                Number = "2075"
            >Event chkshowtext.CheckStateChanged may fire when form is initialized.</Issue>
        </Section>
        <Section Name = "cmdhashbackcolor_Click" >
            <Issue
                Type = "Runtime"
                Number = "1037"
            >Couldn't resolve default property of object clrHashBackColor.</Issue>
            <Issue
                Type = "Runtime"
                Number = "1037"
            >Couldn't resolve default property of object clrHashForeColor.</Issue>
        </Section>
        <Section Name = "cmdhashforecolor_Click" >
            <Issue
                Type = "Runtime"
                Number = "1037"
            >Couldn't resolve default property of object clrHashForeColor.</Issue>
            <Issue
                Type = "Runtime"
                Number = "1037"
            >Couldn't resolve default property of object clrHashBackColor.</Issue>
        </Section>
        <Section Name = "Command15_Click" >
            <Issue
                Type = "Runtime"
                Number = "1037"
            >Couldn't resolve default property of object a.</Issue>
        </Section>
        <Section Name = "Command16_Click" >
            <Issue
                Type = "Runtime"
                Number = "1037"
            >Couldn't resolve default property of object a.</Issue>
        </Section>
        <Section Name = "Command18_Click" >
            <Issue
                Type = "Runtime"
                Number = "1037"
            >Couldn't resolve default property of object strFile.</Issue>
            <Issue
                Type = "Runtime"
                Number = "1037"
            >Couldn't resolve default property of object strType.</Issue>
            <Issue
                Type = "Runtime"
                Number = "1037"
            >Couldn't resolve default property of object a.</Issue>
        </Section>
        <Section Name = "Command19_Click" >
            <Issue
                Type = "Runtime"
                Number = "1037"
            >Couldn't resolve default property of object strFile.</Issue>
            <Issue
                Type = "Runtime"
                Number = "1037"
            >Couldn't resolve default property of object strType.</Issue>
            <Issue
                Type = "Runtime"
                Number = "1037"
            >Couldn't resolve default property of object a.</Issue>
        </Section>
        <Section Name = "Command21_Click" >
            <Issue
                Type = "Runtime"
                Number = "1037"
            >Couldn't resolve default property of object strFile.</Issue>
            <Issue
                Type = "Runtime"
                Number = "1037"
            >Couldn't resolve default property of object strType.</Issue>
            <Issue
                Type = "Runtime"
                Number = "1037"
            >Couldn't resolve default property of object a.</Issue>
        </Section>
        <Section Name = "Command22_Click" >
            <Issue
                Type = "Runtime"
                Number = "1037"
            >Couldn't resolve default property of object strFile.</Issue>
            <Issue
                Type = "Runtime"
                Number = "1037"
            >Couldn't resolve default property of object strType.</Issue>
            <Issue
                Type = "Runtime"
                Number = "1037"
            >Couldn't resolve default property of object a.</Issue>
        </Section>
        <Section Name = "Command32_Click" >
            <Issue
                Type = "Runtime"
                Number = "1037"
            >Couldn't resolve default property of object a.</Issue>
            <Issue
                Type = "Runtime"
                Number = "1037"
            >Couldn't resolve default property of object Text5.</Issue>
        </Section>
        <Section Name = "Command40_Click" >
            <Issue
                Type = "Runtime"
                Number = "1037"
            >Couldn't resolve default property of object strFile.</Issue>
            <Issue
                Type = "Runtime"
                Number = "1037"
            >Couldn't resolve default property of object strType.</Issue>
            <Issue
                Type = "Runtime"
                Number = "1037"
            >Couldn't resolve default property of object result.</Issue>
        </Section>
        <Section Name = "Form_Load" >
            <Issue
                Type = "Runtime"
                Number = "1037"
            >Couldn't resolve default property of object clrHashForeColor.</Issue>
            <Issue
                Type = "Runtime"
                Number = "1037"
            >Couldn't resolve default property of object clrHashBackColor.</Issue>
            <Issue
                Type = "Runtime"
                Number = "1037"
            >Couldn't resolve default property of object iCount.</Issue>
            <Issue
                Type = "Runtime"
                Number = "1037"
            >Couldn't resolve default property of object I.</Issue>
        </Section>
        <Section Name = "optborderoff_Click" >
            <Issue
                Type = "Runtime"
                Number = "2075"
            >Event optborderoff.CheckedChanged may fire when form is initialized.</Issue>
        </Section>
        <Section Name = "optborderon_Click" >
            <Issue
                Type = "Runtime"
                Number = "2075"
            >Event optborderon.CheckedChanged may fire when form is initialized.</Issue>
        </Section>
        <Section Name = "opthighno_Click" >
            <Issue
                Type = "Runtime"
                Number = "2075"
            >Event opthighno.CheckedChanged may fire when form is initialized.</Issue>
        </Section>
        <Section Name = "opthighyes_Click" >
            <Issue
                Type = "Runtime"
                Number = "2075"
            >Event opthighyes.CheckedChanged may fire when form is initialized.</Issue>
        </Section>
        <Section Name = "BitmapToPicture" >
            <Issue
                Type = "Runtime"
                Number = "1063"
            >Arrays in structure IGuid may need to be initialized before they can be used.</Issue>
            <Issue
                Type = "Compile"
                Number = "2070"
                PME = "vbPicTypeBitmap"
            >Constant vbPicTypeBitmap was not upgraded.</Issue>
        </Section>
    </File>
</UpgradeLog>

